app/build/intermediates/manifest_merge_blame_file/release/manifest-merger-blame-release-report.txt
1<?xml version="1.0" encoding="utf-8"?>
2<manifest xmlns:android="http://schemas.android.com/apk/res/android"
3    package="com.example.branch"
4    android:versionCode="1"
5    android:versionName="1.0" >
6
7    <uses-sdk
8        android:minSdkVersion="16"
8-->src/main/AndroidManifest.xml
9        android:targetSdkVersion="29" />
9-->src/main/AndroidManifest.xml
10
11    <uses-permission android:name="android.permission.INTERNET" />
11-->src/main/AndroidManifest.xml:7:5-67
11-->src/main/AndroidManifest.xml:7:22-64
12    <uses-permission android:name="android.permission.WRITE_EXTERNAL_STORAGE" />
12-->src/main/AndroidManifest.xml:8:5-80
12-->src/main/AndroidManifest.xml:8:22-78
13    <uses-permission android:name="android.permission.READ_EXTERNAL_STORAGE" />
13-->src/main/AndroidManifest.xml:9:5-80
13-->src/main/AndroidManifest.xml:9:22-77
14    <uses-permission android:name="com.google.android.finsky.permission.BIND_GET_INSTALL_REFERRER_SERVICE" />
14-->[com.android.installreferrer:installreferrer:1.0] AndroidManifest.xml:9:5-110
14-->[com.android.installreferrer:installreferrer:1.0] AndroidManifest.xml:9:22-107
15
16    <application
16-->src/main/AndroidManifest.xml:11:5-66:19
17        android:name="io.branch.branchster.MyApplication"
17-->src/main/AndroidManifest.xml:13:9-38
18        android:allowBackup="true"
18-->src/main/AndroidManifest.xml:14:9-35
19        android:appComponentFactory="androidx.core.app.CoreComponentFactory"
19-->[androidx.core:core:1.3.1] AndroidManifest.xml:24:18-86
20        android:icon="@drawable/ic_launcher"
20-->src/main/AndroidManifest.xml:15:9-45
21        android:label="@string/app_name"
21-->src/main/AndroidManifest.xml:16:9-41
22        android:largeHeap="true" >
22-->src/main/AndroidManifest.xml:12:9-33
23        <activity
23-->src/main/AndroidManifest.xml:17:9-46:20
24            android:name="io.branch.branchster.SplashActivity"
24-->src/main/AndroidManifest.xml:18:13-63
25            android:label="@string/app_name"
25-->src/main/AndroidManifest.xml:19:13-45
26            android:launchMode="singleTask"
26-->src/main/AndroidManifest.xml:22:13-44
27            android:screenOrientation="portrait"
27-->src/main/AndroidManifest.xml:20:13-49
28            android:theme="@style/Theme.Transparent" >
28-->src/main/AndroidManifest.xml:21:13-53
29            <intent-filter>
29-->src/main/AndroidManifest.xml:24:13-27:29
30                <action android:name="android.intent.action.MAIN" />
30-->src/main/AndroidManifest.xml:25:17-69
30-->src/main/AndroidManifest.xml:25:25-66
31
32                <category android:name="android.intent.category.LAUNCHER" />
32-->src/main/AndroidManifest.xml:26:17-77
32-->src/main/AndroidManifest.xml:26:27-74
33            </intent-filter>
34            <intent-filter>
34-->src/main/AndroidManifest.xml:29:13-34:26
35                <data android:scheme="branchsters" />
35-->src/main/AndroidManifest.xml:30:17-54
35-->src/main/AndroidManifest.xml:30:23-51
36
37                <action android:name="android.intent.action.VIEW" />
37-->src/main/AndroidManifest.xml:31:14-66
37-->src/main/AndroidManifest.xml:31:22-63
38
39                <category android:name="android.intent.category.DEFAULT" />
39-->src/main/AndroidManifest.xml:32:14-73
39-->src/main/AndroidManifest.xml:32:24-70
40                <category android:name="android.intent.category.BROWSABLE" />
40-->src/main/AndroidManifest.xml:33:14-75
40-->src/main/AndroidManifest.xml:33:24-72
41            </intent-filter>
42            <!-- Branch App Links (optional) -->
43            <intent-filter android:autoVerify="true" >
43-->src/main/AndroidManifest.xml:36:13-43:29
43-->src/main/AndroidManifest.xml:36:28-53
44                <action android:name="android.intent.action.VIEW" />
44-->src/main/AndroidManifest.xml:31:14-66
44-->src/main/AndroidManifest.xml:31:22-63
45
46                <category android:name="android.intent.category.DEFAULT" />
46-->src/main/AndroidManifest.xml:32:14-73
46-->src/main/AndroidManifest.xml:32:24-70
47                <category android:name="android.intent.category.BROWSABLE" />
47-->src/main/AndroidManifest.xml:33:14-75
47-->src/main/AndroidManifest.xml:33:24-72
48
49                <data
49-->src/main/AndroidManifest.xml:30:17-54
50                    android:host="9lzd3.app.link"
50-->src/main/AndroidManifest.xml:40:46-75
51                    android:scheme="https" />
51-->src/main/AndroidManifest.xml:30:23-51
52                <!-- example-alternate domain is required for App Links when the Journeys/Web SDK and Deepviews are used inside your website. -->
53                <data
53-->src/main/AndroidManifest.xml:30:17-54
54                    android:host="9lzd3-alternate.app.link"
54-->src/main/AndroidManifest.xml:40:46-75
55                    android:scheme="https" />
55-->src/main/AndroidManifest.xml:30:23-51
56            </intent-filter>
57        </activity>
58        <activity
58-->src/main/AndroidManifest.xml:48:9-53:20
59            android:name="io.branch.branchster.MonsterViewerActivity"
59-->src/main/AndroidManifest.xml:49:13-70
60            android:launchMode="singleInstance"
60-->src/main/AndroidManifest.xml:51:13-48
61            android:screenOrientation="portrait"
61-->src/main/AndroidManifest.xml:52:13-49
62            android:theme="@style/Theme.Default" >
62-->src/main/AndroidManifest.xml:50:13-49
63        </activity>
64        <activity
64-->src/main/AndroidManifest.xml:55:9-60:20
65            android:name="io.branch.branchster.MonsterCreatorActivity"
65-->src/main/AndroidManifest.xml:56:13-71
66            android:launchMode="singleInstance"
66-->src/main/AndroidManifest.xml:58:13-48
67            android:screenOrientation="portrait"
67-->src/main/AndroidManifest.xml:59:13-49
68            android:theme="@style/Theme.Default" >
68-->src/main/AndroidManifest.xml:57:13-49
69        </activity>
70
71        <meta-data
71-->src/main/AndroidManifest.xml:62:9-107
72            android:name="com.facebook.sdk.ApplicationId"
72-->src/main/AndroidManifest.xml:62:20-65
73            android:value="@string/facebook_app_id" />
73-->src/main/AndroidManifest.xml:62:66-105
74        <meta-data
74-->src/main/AndroidManifest.xml:63:9-119
75            android:name="io.branch.sdk.BranchKey"
75-->src/main/AndroidManifest.xml:63:20-58
76            android:value="key_live_mmHXxphZd5kgtJmLNggMekfksAkmF2Xd" />
76-->src/main/AndroidManifest.xml:63:59-116
77        <meta-data
77-->src/main/AndroidManifest.xml:64:9-124
78            android:name="io.branch.sdk.BranchKey.test"
78-->src/main/AndroidManifest.xml:64:20-63
79            android:value="key_test_goQ6zdb6dXihuKoVLemTiondAAlbxYWu" />
79-->src/main/AndroidManifest.xml:64:64-121
80        <meta-data
80-->src/main/AndroidManifest.xml:65:9-82
81            android:name="io.branch.sdk.TestMode"
81-->src/main/AndroidManifest.xml:65:20-57
82            android:value="false" />
82-->src/main/AndroidManifest.xml:65:58-79
83
84        <activity
84-->[com.google.android.gms:play-services-base:17.0.0] AndroidManifest.xml:23:9-26:75
85            android:name="com.google.android.gms.common.api.GoogleApiActivity"
85-->[com.google.android.gms:play-services-base:17.0.0] AndroidManifest.xml:24:13-79
86            android:exported="false"
86-->[com.google.android.gms:play-services-base:17.0.0] AndroidManifest.xml:25:13-37
87            android:theme="@android:style/Theme.Translucent.NoTitleBar" />
87-->[com.google.android.gms:play-services-base:17.0.0] AndroidManifest.xml:26:13-72
88
89        <provider
89-->[com.google.firebase:firebase-common:18.0.0] AndroidManifest.xml:12:9-16:39
90            android:name="com.google.firebase.provider.FirebaseInitProvider"
90-->[com.google.firebase:firebase-common:18.0.0] AndroidManifest.xml:13:13-77
91            android:authorities="com.example.branch.firebaseinitprovider"
91-->[com.google.firebase:firebase-common:18.0.0] AndroidManifest.xml:14:13-72
92            android:exported="false"
92-->[com.google.firebase:firebase-common:18.0.0] AndroidManifest.xml:15:13-37
93            android:initOrder="100" />
93-->[com.google.firebase:firebase-common:18.0.0] AndroidManifest.xml:16:13-36
94
95        <meta-data
95-->[com.google.android.gms:play-services-basement:17.0.0] AndroidManifest.xml:23:9-25:69
96            android:name="com.google.android.gms.version"
96-->[com.google.android.gms:play-services-basement:17.0.0] AndroidManifest.xml:24:13-58
97            android:value="@integer/google_play_services_version" />
97-->[com.google.android.gms:play-services-basement:17.0.0] AndroidManifest.xml:25:13-66
98    </application>
99
100</manifest>